2023-07-09 23:09:29.277 [background-preinit] INFO  org.hibernate.validator.internal.util.Version - HV000001: Hibernate Validator 6.2.5.Final
2023-07-09 23:09:29.325 [restartedMain] INFO  com.vti.FinalExamApplication - Starting FinalExamApplication using Java 17.0.4.1 on Nguyens-MacBook-Pro.local with PID 1703 (/Users/nghialai/Desktop/VTI/RO32/RO32/JavaAdvance/final-exam/target/classes started by nghialai in /Users/nghialai/Desktop/VTI/RO32/RO32/JavaAdvance/final-exam)
2023-07-09 23:09:29.332 [restartedMain] INFO  com.vti.FinalExamApplication - No active profile set, falling back to 1 default profile: "default"
2023-07-09 23:09:29.422 [restartedMain] INFO  org.springframework.boot.devtools.env.DevToolsPropertyDefaultsPostProcessor - Devtools property defaults active! Set 'spring.devtools.add-properties' to 'false' to disable
2023-07-09 23:09:29.422 [restartedMain] INFO  org.springframework.boot.devtools.env.DevToolsPropertyDefaultsPostProcessor - For additional web related logging consider setting the 'logging.level.web' property to 'DEBUG'
2023-07-09 23:09:31.000 [restartedMain] INFO  org.springframework.data.repository.config.RepositoryConfigurationDelegate - Bootstrapping Spring Data JPA repositories in DEFAULT mode.
2023-07-09 23:09:31.124 [restartedMain] INFO  org.springframework.data.repository.config.RepositoryConfigurationDelegate - Finished Spring Data repository scanning in 112 ms. Found 2 JPA repository interfaces.
2023-07-09 23:09:32.453 [restartedMain] INFO  org.springframework.boot.web.embedded.tomcat.TomcatWebServer - Tomcat initialized with port(s): 8080 (http)
2023-07-09 23:09:32.466 [restartedMain] INFO  org.apache.coyote.http11.Http11NioProtocol - Initializing ProtocolHandler ["http-nio-8080"]
2023-07-09 23:09:32.468 [restartedMain] INFO  org.apache.catalina.core.StandardService - Starting service [Tomcat]
2023-07-09 23:09:32.468 [restartedMain] INFO  org.apache.catalina.core.StandardEngine - Starting Servlet engine: [Apache Tomcat/9.0.73]
2023-07-09 23:09:32.625 [restartedMain] INFO  org.apache.catalina.core.ContainerBase.[Tomcat].[localhost].[/] - Initializing Spring embedded WebApplicationContext
2023-07-09 23:09:32.626 [restartedMain] INFO  org.springframework.boot.web.servlet.context.ServletWebServerApplicationContext - Root WebApplicationContext: initialization completed in 3203 ms
2023-07-09 23:09:32.885 [restartedMain] INFO  org.hibernate.jpa.internal.util.LogHelper - HHH000204: Processing PersistenceUnitInfo [name: default]
2023-07-09 23:09:32.975 [restartedMain] INFO  org.hibernate.Version - HHH000412: Hibernate ORM core version 5.6.15.Final
2023-07-09 23:09:33.247 [restartedMain] INFO  org.hibernate.annotations.common.Version - HCANN000001: Hibernate Commons Annotations {5.1.2.Final}
2023-07-09 23:09:33.376 [restartedMain] INFO  com.zaxxer.hikari.HikariDataSource - HikariPool-1 - Starting...
2023-07-09 23:09:34.026 [restartedMain] INFO  com.zaxxer.hikari.HikariDataSource - HikariPool-1 - Start completed.
2023-07-09 23:09:34.114 [restartedMain] INFO  org.hibernate.dialect.Dialect - HHH000400: Using dialect: org.hibernate.dialect.MySQL8Dialect
2023-07-09 23:09:35.365 [restartedMain] INFO  org.hibernate.engine.transaction.jta.platform.internal.JtaPlatformInitiator - HHH000490: Using JtaPlatform implementation: [org.hibernate.engine.transaction.jta.platform.internal.NoJtaPlatform]
2023-07-09 23:09:35.378 [restartedMain] INFO  org.springframework.orm.jpa.LocalContainerEntityManagerFactoryBean - Initialized JPA EntityManagerFactory for persistence unit 'default'
2023-07-09 23:09:36.865 [restartedMain] WARN  org.springframework.boot.autoconfigure.orm.jpa.JpaBaseConfiguration$JpaWebConfiguration - spring.jpa.open-in-view is enabled by default. Therefore, database queries may be performed during view rendering. Explicitly configure spring.jpa.open-in-view to disable this warning
2023-07-09 23:09:37.529 [restartedMain] INFO  org.springframework.security.web.DefaultSecurityFilterChain - Will secure any request with [org.springframework.security.web.session.DisableEncodeUrlFilter@6bcd8181, org.springframework.security.web.context.request.async.WebAsyncManagerIntegrationFilter@3a7c8af5, org.springframework.security.web.context.SecurityContextPersistenceFilter@7aa57c13, org.springframework.security.web.header.HeaderWriterFilter@1e3a3205, org.springframework.web.filter.CorsFilter@57334213, org.springframework.security.web.authentication.logout.LogoutFilter@23f46553, org.springframework.security.web.authentication.UsernamePasswordAuthenticationFilter@5d0645a5, org.springframework.security.web.authentication.www.BasicAuthenticationFilter@6c17beeb, org.springframework.security.web.savedrequest.RequestCacheAwareFilter@59e2251e, org.springframework.security.web.servletapi.SecurityContextHolderAwareRequestFilter@604bab4, org.springframework.security.web.authentication.rememberme.RememberMeAuthenticationFilter@4aee911b, org.springframework.security.web.authentication.AnonymousAuthenticationFilter@9dfb70b, org.springframework.security.web.session.SessionManagementFilter@2e20b9, org.springframework.security.web.access.ExceptionTranslationFilter@1699e3f6, org.springframework.security.web.access.intercept.AuthorizationFilter@6547c254]
2023-07-09 23:09:37.534 [restartedMain] WARN  org.springframework.security.config.annotation.web.builders.WebSecurity - You are asking Spring Security to ignore Ant [pattern='/']. This is not recommended -- please use permitAll via HttpSecurity#authorizeHttpRequests instead.
2023-07-09 23:09:37.534 [restartedMain] INFO  org.springframework.security.web.DefaultSecurityFilterChain - Will not secure Ant [pattern='/']
2023-07-09 23:09:37.535 [restartedMain] WARN  org.springframework.security.config.annotation.web.builders.WebSecurity - You are asking Spring Security to ignore Ant [pattern='/index.html']. This is not recommended -- please use permitAll via HttpSecurity#authorizeHttpRequests instead.
2023-07-09 23:09:37.535 [restartedMain] INFO  org.springframework.security.web.DefaultSecurityFilterChain - Will not secure Ant [pattern='/index.html']
2023-07-09 23:09:37.535 [restartedMain] WARN  org.springframework.security.config.annotation.web.builders.WebSecurity - You are asking Spring Security to ignore Ant [pattern='/common/**']. This is not recommended -- please use permitAll via HttpSecurity#authorizeHttpRequests instead.
2023-07-09 23:09:37.535 [restartedMain] INFO  org.springframework.security.web.DefaultSecurityFilterChain - Will not secure Ant [pattern='/common/**']
2023-07-09 23:09:37.536 [restartedMain] WARN  org.springframework.security.config.annotation.web.builders.WebSecurity - You are asking Spring Security to ignore Ant [pattern='/page/**']. This is not recommended -- please use permitAll via HttpSecurity#authorizeHttpRequests instead.
2023-07-09 23:09:37.536 [restartedMain] INFO  org.springframework.security.web.DefaultSecurityFilterChain - Will not secure Ant [pattern='/page/**']
2023-07-09 23:09:37.536 [restartedMain] WARN  org.springframework.security.config.annotation.web.builders.WebSecurity - You are asking Spring Security to ignore Ant [pattern='/utils/**']. This is not recommended -- please use permitAll via HttpSecurity#authorizeHttpRequests instead.
2023-07-09 23:09:37.537 [restartedMain] INFO  org.springframework.security.web.DefaultSecurityFilterChain - Will not secure Ant [pattern='/utils/**']
2023-07-09 23:09:37.787 [restartedMain] INFO  org.springframework.boot.devtools.autoconfigure.OptionalLiveReloadServer - LiveReload server is running on port 35729
2023-07-09 23:09:37.979 [restartedMain] INFO  org.springframework.boot.autoconfigure.web.servlet.WelcomePageHandlerMapping - Adding welcome page: class path resource [static/index.html]
2023-07-09 23:09:38.299 [restartedMain] INFO  org.apache.coyote.http11.Http11NioProtocol - Starting ProtocolHandler ["http-nio-8080"]
2023-07-09 23:09:38.320 [restartedMain] INFO  org.springframework.boot.web.embedded.tomcat.TomcatWebServer - Tomcat started on port(s): 8080 (http) with context path ''
2023-07-09 23:09:38.948 [restartedMain] INFO  com.vti.FinalExamApplication - Started FinalExamApplication in 10.162 seconds (JVM running for 17.122)
2023-07-09 23:09:48.206 [http-nio-8080-exec-1] INFO  org.apache.catalina.core.ContainerBase.[Tomcat].[localhost].[/] - Initializing Spring DispatcherServlet 'dispatcherServlet'
2023-07-09 23:09:48.207 [http-nio-8080-exec-1] INFO  org.springframework.web.servlet.DispatcherServlet - Initializing Servlet 'dispatcherServlet'
2023-07-09 23:09:48.217 [http-nio-8080-exec-1] INFO  org.springframework.web.servlet.DispatcherServlet - Completed initialization in 8 ms
2023-07-09 23:09:49.930 [http-nio-8080-exec-3] WARN  org.springframework.web.servlet.mvc.method.annotation.ExceptionHandlerExceptionResolver - Resolved [java.lang.NullPointerException: Cannot invoke "java.security.Principal.getName()" because "principal" is null]
2023-07-09 23:16:38.684 [http-nio-8080-exec-9] ERROR com.vti.service.AccountService - Can not update Account: com.vti.form.AccountUpdateForm@5f75a57f
2023-07-09 23:16:49.090 [http-nio-8080-exec-7] ERROR com.vti.service.AccountService - Can not update Account: com.vti.form.AccountUpdateForm@277cb8d2
2023-07-09 23:17:12.106 [http-nio-8080-exec-2] ERROR com.vti.service.AccountService - Can not update Account: com.vti.form.AccountUpdateForm@218ddce3
2023-07-09 23:19:07.838 [SpringApplicationShutdownHook] INFO  org.springframework.orm.jpa.LocalContainerEntityManagerFactoryBean - Closing JPA EntityManagerFactory for persistence unit 'default'
2023-07-09 23:19:07.845 [SpringApplicationShutdownHook] INFO  com.zaxxer.hikari.HikariDataSource - HikariPool-1 - Shutdown initiated...
2023-07-09 23:19:07.863 [SpringApplicationShutdownHook] INFO  com.zaxxer.hikari.HikariDataSource - HikariPool-1 - Shutdown completed.
